{"tags":["_jsonparsefailure"],"message":"Hello","log":{"file":{"path":"/usr/share/logstash/input/input.log"}},"@version":"1","@timestamp":"2023-03-24T17:07:49.871379045Z","host":{"name":"docker-desktop"},"type":"file"}
{"tags":["_jsonparsefailure"],"message":"World","log":{"file":{"path":"/usr/share/logstash/input/input.log"}},"@version":"1","@timestamp":"2023-03-24T17:07:49.873622129Z","host":{"name":"docker-desktop"},"type":"file"}
{"log":{"file":{"path":"/usr/share/logstash/input/input.log"}},"@version":"1","@timestamp":"2023-03-24T17:08:31.219785092Z","age":"18","host":{"name":"docker-desktop"},"type":"file","event":{"original":"{\"name\":\"Bond\", \"age\":\"18\"}"},"name":"Bond"}
{"tags":["_jsonparsefailure"],"message":"10","log":{"file":{"path":"/usr/share/logstash/input/input.log"}},"@version":"1","@timestamp":"2023-03-24T17:08:31.224399217Z","host":{"name":"docker-desktop"},"type":"file"}
{"log":{"file":{"path":"/usr/share/logstash/input/input.log"}},"@version":"1","@timestamp":"2023-03-24T17:08:31.219565426Z","age":"18","host":{"name":"docker-desktop"},"type":"file","event":{"original":"{\"name\":\"Bond\", \"age\":\"18\"}"},"name":"Bond"}
{"tags":["_jsonparsefailure"],"message":"10 x","log":{"file":{"path":"/usr/share/logstash/input/input.log"}},"@version":"1","@timestamp":"2023-03-24T17:08:31.228237926Z","host":{"name":"docker-desktop"},"type":"file"}
{"tags":["_jsonparsefailure"],"message":"Hello","log":{"file":{"path":"/usr/share/logstash/input/input.log"}},"@version":"1","@timestamp":"2023-03-24T17:08:31.179362259Z","host":{"name":"docker-desktop"},"type":"file"}
{"log":{"file":{"path":"/usr/share/logstash/input/input.log"}},"@version":"1","@timestamp":"2023-03-24T17:08:31.219266259Z","age":"18","host":{"name":"docker-desktop"},"type":"file","event":{"original":"{\"name\":\"Bond\", \"age\":\"18\"}"},"name":"Bond"}
{"tags":["_jsonparsefailure"],"message":"10 20","log":{"file":{"path":"/usr/share/logstash/input/input.log"}},"@version":"1","@timestamp":"2023-03-24T17:08:31.227271051Z","host":{"name":"docker-desktop"},"type":"file"}
{"tags":["_jsonparsefailure"],"message":"ond","log":{"file":{"path":"/usr/share/logstash/input/input.log"}},"@version":"1","@timestamp":"2023-03-24T17:08:31.176285801Z","host":{"name":"docker-desktop"},"type":"file"}
{"log":{"file":{"path":"/usr/share/logstash/input/input.log"}},"@version":"1","@timestamp":"2023-03-24T17:08:31.218371092Z","age":"18","host":{"name":"docker-desktop"},"type":"file","event":{"original":"{\"name\":\"Bond\", \"age\":\"18\"}"},"name":"Bond"}
{"log":{"file":{"path":"/usr/share/logstash/input/input.log"}},"@version":"1","@timestamp":"2023-03-24T17:08:31.220009509Z","age":"18","host":{"name":"docker-desktop"},"type":"file","event":{"original":"{\"name\":\"Bond\", \"age\":\"18\"}"},"name":"Bond"}
{"log":{"file":{"path":"/usr/share/logstash/input/input.log"}},"@version":"1","@timestamp":"2023-03-24T17:08:31.220183384Z","age":"18","host":{"name":"docker-desktop"},"type":"file","event":{"original":"{\"name\":\"Bond\", \"age\":\"18\"}"},"name":"Bond"}
{"log":{"file":{"path":"/usr/share/logstash/input/input.log"}},"@version":"1","@timestamp":"2023-03-24T17:08:31.220839467Z","age":"18","host":{"name":"docker-desktop"},"type":"file","event":{"original":"{\"name\":\"Bond\", \"age\":\"18\"}"},"name":"Bond"}
{"tags":["_jsonparsefailure"],"message":"x","log":{"file":{"path":"/usr/share/logstash/input/input.log"}},"@version":"1","@timestamp":"2023-03-24T17:08:31.226217551Z","host":{"name":"docker-desktop"},"type":"file"}
{"message":"","log":{"file":{"path":"/usr/share/logstash/input/input.log"}},"@version":"1","@timestamp":"2023-03-24T17:10:31.726916968Z","host":{"name":"docker-desktop"},"type":"file","event":{"original":""}}
{"message":"World","log":{"file":{"path":"/usr/share/logstash/input/input.log"}},"@version":"1","@timestamp":"2023-03-24T17:10:31.726599759Z","host":{"name":"docker-desktop"},"type":"file","event":{"original":"World"}}
{"message":"Hello","log":{"file":{"path":"/usr/share/logstash/input/input.log"}},"@version":"1","@timestamp":"2023-03-24T17:10:31.725920759Z","host":{"name":"docker-desktop"},"type":"file","event":{"original":"Hello"}}
{"tags":["_jsonparsefailure"],"message":"inizymint","log":{"file":{"path":"/usr/share/logstash/input/input.log"}},"@version":"1","@timestamp":"2023-03-24T17:12:26.041767298Z","host":{"name":"docker-desktop"},"type":"file"}
{"message":"minizymint","log":{"file":{"path":"/usr/share/logstash/input/input.log"}},"@version":"1","@timestamp":"2023-03-24T17:13:04.972705927Z","host":{"name":"docker-desktop"},"type":"file","event":{"original":"minizymint"}}
